<?xml version="1.0" encoding="UTF-8"?>
<testsuite name="com.example.testapi.controller.TestControllerTest" tests="5" skipped="0" failures="0" errors="0" timestamp="2025-06-20T10:20:49" hostname="Krishavs-MacBook-Air.local" time="0.123">
  <properties/>
  <testcase name="testGetTestaddWithLargeNumbers()" classname="com.example.testapi.controller.TestControllerTest" time="0.091"/>
  <testcase name="testGetTestaddWithQueryParameters()" classname="com.example.testapi.controller.TestControllerTest" time="0.003"/>
  <testcase name="testPostTestaddWithValidRequest()" classname="com.example.testapi.controller.TestControllerTest" time="0.023"/>
  <testcase name="testGetTestaddWithZeroValues()" classname="com.example.testapi.controller.TestControllerTest" time="0.001"/>
  <testcase name="testPostTestaddWithNegativeNumbers()" classname="com.example.testapi.controller.TestControllerTest" time="0.001"/>
  <system-out><![CDATA[2025-06-20T15:50:49.048+05:30  INFO 46395 --- [    Test worker] t.c.s.AnnotationConfigContextLoaderUtils : Could not detect default configuration classes for test class [com.example.testapi.controller.TestControllerTest]: TestControllerTest does not declare any static, non-private, non-final, nested classes annotated with @Configuration.
2025-06-20T15:50:49.055+05:30  INFO 46395 --- [    Test worker] .b.t.c.SpringBootTestContextBootstrapper : Found @SpringBootConfiguration com.example.testapi.TestApiApplication for test class com.example.testapi.controller.TestControllerTest

  .   ____          _            __ _ _
 /\\ / ___'_ __ _ _(_)_ __  __ _ \ \ \ \
( ( )\___ | '_ | '_| | '_ \/ _` | \ \ \ \
 \\/  ___)| |_)| | | | | || (_| |  ) ) ) )
  '  |____| .__|_| |_|_| |_\__, | / / / /
 =========|_|==============|___/=/_/_/_/
 :: Spring Boot ::                (v3.2.0)

2025-06-20T15:50:49.066+05:30  INFO 46395 --- [    Test worker] c.e.t.controller.TestControllerTest      : Starting TestControllerTest using Java 21.0.7 with PID 46395 (started by krishavadithya in /Users/krishavadithya/Documents/GitHub/test-api-1)
2025-06-20T15:50:49.066+05:30  INFO 46395 --- [    Test worker] c.e.t.controller.TestControllerTest      : No active profile set, falling back to 1 default profile: "default"
2025-06-20T15:50:49.176+05:30  INFO 46395 --- [    Test worker] o.s.b.t.m.w.SpringBootMockServletContext : Initializing Spring TestDispatcherServlet ''
2025-06-20T15:50:49.177+05:30  INFO 46395 --- [    Test worker] o.s.t.web.servlet.TestDispatcherServlet  : Initializing Servlet ''
2025-06-20T15:50:49.178+05:30  INFO 46395 --- [    Test worker] o.s.t.web.servlet.TestDispatcherServlet  : Completed initialization in 0 ms
2025-06-20T15:50:49.182+05:30  INFO 46395 --- [    Test worker] c.e.t.controller.TestControllerTest      : Started TestControllerTest in 0.125 seconds (process running for 1.446)
]]></system-out>
  <system-err><![CDATA[]]></system-err>
</testsuite>
