<?xml version="1.0" encoding="UTF-8"?>
<testsuite name="com.example.testapi.TestApiApplicationTests" tests="1" skipped="0" failures="0" errors="0" timestamp="2025-06-24T10:52:06" hostname="Krishavs-MacBook-Air.local" time="0.423">
  <properties/>
  <testcase name="contextLoads()" classname="com.example.testapi.TestApiApplicationTests" time="0.423"/>
  <system-out><![CDATA[16:22:05.782 [Test worker] INFO org.springframework.test.context.support.AnnotationConfigContextLoaderUtils -- Could not detect default configuration classes for test class [com.example.testapi.TestApiApplicationTests]: TestApiApplicationTests does not declare any static, non-private, non-final, nested classes annotated with @Configuration.
16:22:05.820 [Test worker] INFO org.springframework.boot.test.context.SpringBootTestContextBootstrapper -- Found @SpringBootConfiguration com.example.testapi.TestApiApplication for test class com.example.testapi.TestApiApplicationTests

  .   ____          _            __ _ _
 /\\ / ___'_ __ _ _(_)_ __  __ _ \ \ \ \
( ( )\___ | '_ | '_| | '_ \/ _` | \ \ \ \
 \\/  ___)| |_)| | | | | || (_| |  ) ) ) )
  '  |____| .__|_| |_|_| |_\__, | / / / /
 =========|_|==============|___/=/_/_/_/
 :: Spring Boot ::                (v3.2.0)

2025-06-24T16:22:05.962+05:30  INFO 3352 --- [test-api] [    Test worker] c.e.testapi.TestApiApplicationTests      : Starting TestApiApplicationTests using Java 21.0.7 with PID 3352 (started by krishavadithya in /Users/krishavadithya/Documents/GitHub/test-api-1)
2025-06-24T16:22:05.962+05:30  INFO 3352 --- [test-api] [    Test worker] c.e.testapi.TestApiApplicationTests      : No active profile set, falling back to 1 default profile: "default"
2025-06-24T16:22:06.489+05:30  INFO 3352 --- [test-api] [    Test worker] o.s.b.a.e.web.EndpointLinksResolver      : Exposing 3 endpoint(s) beneath base path '/actuator'
2025-06-24T16:22:06.514+05:30  INFO 3352 --- [test-api] [    Test worker] c.e.testapi.TestApiApplicationTests      : Started TestApiApplicationTests in 0.65 seconds (process running for 1.066)
]]></system-out>
  <system-err><![CDATA[WARNING: A Java agent has been loaded dynamically (/Users/krishavadithya/.gradle/caches/modules-2/files-2.1/net.bytebuddy/byte-buddy-agent/1.14.10/90ed94ac044ea8953b224304c762316e91fd6b31/byte-buddy-agent-1.14.10.jar)
WARNING: If a serviceability tool is in use, please run with -XX:+EnableDynamicAgentLoading to hide this warning
WARNING: If a serviceability tool is not in use, please run with -Djdk.instrument.traceUsage for more information
WARNING: Dynamic loading of agents will be disallowed by default in a future release
]]></system-err>
</testsuite>
