<?xml version="1.0" encoding="UTF-8"?>
<testsuite name="com.example.testapi.service.CalculatorServiceTest" tests="5" skipped="0" failures="0" errors="0" timestamp="2025-06-20T09:14:10" hostname="Krishavs-MacBook-Air.local" time="0.006">
  <properties/>
  <testcase name="test add with mixed positive and negative()" classname="com.example.testapi.service.CalculatorServiceTest" time="0.002"/>
  <testcase name="test add with negative numbers()" classname="com.example.testapi.service.CalculatorServiceTest" time="0.001"/>
  <testcase name="test add with large numbers()" classname="com.example.testapi.service.CalculatorServiceTest" time="0.0"/>
  <testcase name="test add with positive numbers()" classname="com.example.testapi.service.CalculatorServiceTest" time="0.0"/>
  <testcase name="test add with zero()" classname="com.example.testapi.service.CalculatorServiceTest" time="0.0"/>
  <system-out><![CDATA[2025-06-20T14:44:10.611+05:30  INFO 44109 --- [    Test worker] t.c.s.AnnotationConfigContextLoaderUtils : Could not detect default configuration classes for test class [com.example.testapi.service.CalculatorServiceTest]: CalculatorServiceTest does not declare any static, non-private, non-final, nested classes annotated with @Configuration.
2025-06-20T14:44:10.613+05:30  INFO 44109 --- [    Test worker] .b.t.c.SpringBootTestContextBootstrapper : Found @SpringBootConfiguration com.example.testapi.TestApiApplication for test class com.example.testapi.service.CalculatorServiceTest
]]></system-out>
  <system-err><![CDATA[]]></system-err>
</testsuite>
