<?xml version="1.0" encoding="UTF-8"?>
<testsuite name="com.example.testapi.controller.TestControllerTest" tests="5" skipped="0" failures="0" errors="0" timestamp="2025-06-20T09:14:10" hostname="Krishavs-MacBook-Air.local" time="0.482">
  <properties/>
  <testcase name="testGetTestaddWithLargeNumbers()" classname="com.example.testapi.controller.TestControllerTest" time="0.45"/>
  <testcase name="testGetTestaddWithQueryParameters()" classname="com.example.testapi.controller.TestControllerTest" time="0.002"/>
  <testcase name="testPostTestaddWithValidRequest()" classname="com.example.testapi.controller.TestControllerTest" time="0.023"/>
  <testcase name="testGetTestaddWithZeroValues()" classname="com.example.testapi.controller.TestControllerTest" time="0.002"/>
  <testcase name="testPostTestaddWithNegativeNumbers()" classname="com.example.testapi.controller.TestControllerTest" time="0.002"/>
  <system-out><![CDATA[14:44:09.455 [Test worker] INFO org.springframework.test.context.support.AnnotationConfigContextLoaderUtils -- Could not detect default configuration classes for test class [com.example.testapi.controller.TestControllerTest]: TestControllerTest does not declare any static, non-private, non-final, nested classes annotated with @Configuration.
14:44:09.495 [Test worker] INFO org.springframework.boot.test.context.SpringBootTestContextBootstrapper -- Found @SpringBootConfiguration com.example.testapi.TestApiApplication for test class com.example.testapi.controller.TestControllerTest

  .   ____          _            __ _ _
 /\\ / ___'_ __ _ _(_)_ __  __ _ \ \ \ \
( ( )\___ | '_ | '_| | '_ \/ _` | \ \ \ \
 \\/  ___)| |_)| | | | | || (_| |  ) ) ) )
  '  |____| .__|_| |_|_| |_\__, | / / / /
 =========|_|==============|___/=/_/_/_/
 :: Spring Boot ::                (v3.2.0)

2025-06-20T14:44:09.625+05:30  INFO 44109 --- [    Test worker] c.e.t.controller.TestControllerTest      : Starting TestControllerTest using Java 21.0.7 with PID 44109 (started by krishavadithya in /Users/krishavadithya/Documents/GitHub/test-api)
2025-06-20T14:44:09.626+05:30  INFO 44109 --- [    Test worker] c.e.t.controller.TestControllerTest      : No active profile set, falling back to 1 default profile: "default"
2025-06-20T14:44:10.014+05:30  INFO 44109 --- [    Test worker] o.s.b.t.m.w.SpringBootMockServletContext : Initializing Spring TestDispatcherServlet ''
2025-06-20T14:44:10.014+05:30  INFO 44109 --- [    Test worker] o.s.t.web.servlet.TestDispatcherServlet  : Initializing Servlet ''
2025-06-20T14:44:10.015+05:30  INFO 44109 --- [    Test worker] o.s.t.web.servlet.TestDispatcherServlet  : Completed initialization in 1 ms
2025-06-20T14:44:10.027+05:30  INFO 44109 --- [    Test worker] c.e.t.controller.TestControllerTest      : Started TestControllerTest in 0.483 seconds (process running for 0.985)
]]></system-out>
  <system-err><![CDATA[WARNING: A Java agent has been loaded dynamically (/Users/krishavadithya/.gradle/caches/modules-2/files-2.1/net.bytebuddy/byte-buddy-agent/1.14.10/90ed94ac044ea8953b224304c762316e91fd6b31/byte-buddy-agent-1.14.10.jar)
WARNING: If a serviceability tool is in use, please run with -XX:+EnableDynamicAgentLoading to hide this warning
WARNING: If a serviceability tool is not in use, please run with -Djdk.instrument.traceUsage for more information
WARNING: Dynamic loading of agents will be disallowed by default in a future release
]]></system-err>
</testsuite>
