<?xml version="1.0" encoding="UTF-8"?>
<testsuite name="com.example.testapi.TestApiApplicationTests" tests="1" skipped="0" failures="0" errors="0" timestamp="2025-06-20T09:14:10" hostname="Krishavs-MacBook-Air.local" time="0.001">
  <properties/>
  <testcase name="contextLoads()" classname="com.example.testapi.TestApiApplicationTests" time="0.001"/>
  <system-out><![CDATA[2025-06-20T14:44:10.516+05:30  INFO 44109 --- [    Test worker] t.c.s.AnnotationConfigContextLoaderUtils : Could not detect default configuration classes for test class [com.example.testapi.TestApiApplicationTests]: TestApiApplicationTests does not declare any static, non-private, non-final, nested classes annotated with @Configuration.
2025-06-20T14:44:10.518+05:30  INFO 44109 --- [    Test worker] .b.t.c.SpringBootTestContextBootstrapper : Found @SpringBootConfiguration com.example.testapi.TestApiApplication for test class com.example.testapi.TestApiApplicationTests

  .   ____          _            __ _ _
 /\\ / ___'_ __ _ _(_)_ __  __ _ \ \ \ \
( ( )\___ | '_ | '_| | '_ \/ _` | \ \ \ \
 \\/  ___)| |_)| | | | | || (_| |  ) ) ) )
  '  |____| .__|_| |_|_| |_\__, | / / / /
 =========|_|==============|___/=/_/_/_/
 :: Spring Boot ::                (v3.2.0)

2025-06-20T14:44:10.529+05:30  INFO 44109 --- [    Test worker] c.e.testapi.TestApiApplicationTests      : Starting TestApiApplicationTests using Java 21.0.7 with PID 44109 (started by krishavadithya in /Users/krishavadithya/Documents/GitHub/test-api)
2025-06-20T14:44:10.529+05:30  INFO 44109 --- [    Test worker] c.e.testapi.TestApiApplicationTests      : No active profile set, falling back to 1 default profile: "default"
2025-06-20T14:44:10.607+05:30  INFO 44109 --- [    Test worker] c.e.testapi.TestApiApplicationTests      : Started TestApiApplicationTests in 0.087 seconds (process running for 1.566)
]]></system-out>
  <system-err><![CDATA[]]></system-err>
</testsuite>
